{"/home/mishrashardendu22/Resume-Projects/Dragon-Ball-Api/controller/auth.controller.ts": {"path":"/home/mishrashardendu22/Resume-Projects/Dragon-Ball-Api/controller/auth.controller.ts","statementMap":{"0":{"start":{"line":2,"column":0},"end":{"line":2,"column":31}},"1":{"start":{"line":4,"column":29},"end":{"line":17,"column":1}},"2":{"start":{"line":5,"column":33},"end":{"line":5,"column":41}},"3":{"start":{"line":7,"column":2},"end":{"line":9,"column":3}},"4":{"start":{"line":8,"column":4},"end":{"line":8,"column":83}},"5":{"start":{"line":11,"column":2},"end":{"line":14,"column":3}},"6":{"start":{"line":12,"column":18},"end":{"line":12,"column":86}},"7":{"start":{"line":13,"column":4},"end":{"line":13,"column":43}},"8":{"start":{"line":16,"column":2},"end":{"line":16,"column":66}},"9":{"start":{"line":4,"column":13},"end":{"line":4,"column":29}}},"fnMap":{"0":{"name":"(anonymous_1)","decl":{"start":{"line":4,"column":29},"end":{"line":4,"column":30}},"loc":{"start":{"line":4,"column":61},"end":{"line":17,"column":1}}}},"branchMap":{"0":{"loc":{"start":{"line":7,"column":2},"end":{"line":9,"column":3}},"type":"if","locations":[{"start":{"line":7,"column":2},"end":{"line":9,"column":3}},{"start":{},"end":{}}]},"1":{"loc":{"start":{"line":7,"column":6},"end":{"line":7,"column":28}},"type":"binary-expr","locations":[{"start":{"line":7,"column":6},"end":{"line":7,"column":15}},{"start":{"line":7,"column":19},"end":{"line":7,"column":28}}]},"2":{"loc":{"start":{"line":11,"column":2},"end":{"line":14,"column":3}},"type":"if","locations":[{"start":{"line":11,"column":2},"end":{"line":14,"column":3}},{"start":{},"end":{}}]},"3":{"loc":{"start":{"line":11,"column":6},"end":{"line":11,"column":88}},"type":"binary-expr","locations":[{"start":{"line":11,"column":6},"end":{"line":11,"column":45}},{"start":{"line":11,"column":49},"end":{"line":11,"column":88}}]}},"s":{"0":1,"1":1,"2":2,"3":2,"4":0,"5":2,"6":1,"7":1,"8":1,"9":1},"f":{"0":2},"b":{"0":[0,2],"1":[2,2],"2":[1,1],"3":[2,1]}}
,"/home/mishrashardendu22/Resume-Projects/Dragon-Ball-Api/controller/qns.controller.ts": {"path":"/home/mishrashardendu22/Resume-Projects/Dragon-Ball-Api/controller/qns.controller.ts","statementMap":{"0":{"start":{"line":2,"column":0},"end":{"line":2,"column":42}},"1":{"start":{"line":4,"column":33},"end":{"line":12,"column":2}},"2":{"start":{"line":4,"column":71},"end":{"line":12,"column":2}},"3":{"start":{"line":5,"column":2},"end":{"line":11,"column":3}},"4":{"start":{"line":6,"column":23},"end":{"line":6,"column":71}},"5":{"start":{"line":7,"column":4},"end":{"line":7,"column":40}},"6":{"start":{"line":9,"column":4},"end":{"line":9,"column":56}},"7":{"start":{"line":10,"column":4},"end":{"line":10,"column":74}},"8":{"start":{"line":4,"column":13},"end":{"line":4,"column":33}},"9":{"start":{"line":14,"column":31},"end":{"line":28,"column":2}},"10":{"start":{"line":14,"column":69},"end":{"line":28,"column":2}},"11":{"start":{"line":15,"column":2},"end":{"line":27,"column":3}},"12":{"start":{"line":16,"column":15},"end":{"line":16,"column":48}},"13":{"start":{"line":17,"column":17},"end":{"line":17,"column":48}},"14":{"start":{"line":19,"column":4},"end":{"line":21,"column":5}},"15":{"start":{"line":20,"column":6},"end":{"line":20,"column":128}},"16":{"start":{"line":23,"column":4},"end":{"line":23,"column":31}},"17":{"start":{"line":25,"column":4},"end":{"line":25,"column":54}},"18":{"start":{"line":26,"column":4},"end":{"line":26,"column":73}},"19":{"start":{"line":14,"column":13},"end":{"line":14,"column":31}},"20":{"start":{"line":30,"column":36},"end":{"line":44,"column":2}},"21":{"start":{"line":30,"column":74},"end":{"line":44,"column":2}},"22":{"start":{"line":31,"column":2},"end":{"line":43,"column":3}},"23":{"start":{"line":32,"column":23},"end":{"line":32,"column":40}},"24":{"start":{"line":33,"column":17},"end":{"line":33,"column":65}},"25":{"start":{"line":35,"column":4},"end":{"line":37,"column":5}},"26":{"start":{"line":36,"column":6},"end":{"line":36,"column":72}},"27":{"start":{"line":39,"column":4},"end":{"line":39,"column":31}},"28":{"start":{"line":41,"column":4},"end":{"line":41,"column":59}},"29":{"start":{"line":42,"column":4},"end":{"line":42,"column":77}},"30":{"start":{"line":30,"column":13},"end":{"line":30,"column":36}},"31":{"start":{"line":46,"column":27},"end":{"line":65,"column":2}},"32":{"start":{"line":46,"column":65},"end":{"line":65,"column":2}},"33":{"start":{"line":47,"column":2},"end":{"line":64,"column":3}},"34":{"start":{"line":48,"column":17},"end":{"line":48,"column":25}},"35":{"start":{"line":49,"column":21},"end":{"line":49,"column":59}},"36":{"start":{"line":50,"column":18},"end":{"line":50,"column":49}},"37":{"start":{"line":52,"column":20},"end":{"line":57,"column":6}},"38":{"start":{"line":59,"column":4},"end":{"line":59,"column":25}},"39":{"start":{"line":60,"column":4},"end":{"line":60,"column":78}},"40":{"start":{"line":62,"column":4},"end":{"line":62,"column":50}},"41":{"start":{"line":63,"column":4},"end":{"line":63,"column":66}},"42":{"start":{"line":46,"column":13},"end":{"line":46,"column":27}},"43":{"start":{"line":66,"column":30},"end":{"line":90,"column":2}},"44":{"start":{"line":66,"column":68},"end":{"line":90,"column":2}},"45":{"start":{"line":67,"column":2},"end":{"line":89,"column":3}},"46":{"start":{"line":68,"column":15},"end":{"line":68,"column":48}},"47":{"start":{"line":69,"column":17},"end":{"line":69,"column":25}},"48":{"start":{"line":71,"column":24},"end":{"line":78,"column":null}},"49":{"start":{"line":81,"column":4},"end":{"line":83,"column":5}},"50":{"start":{"line":82,"column":6},"end":{"line":82,"column":69}},"51":{"start":{"line":85,"column":4},"end":{"line":85,"column":84}},"52":{"start":{"line":87,"column":4},"end":{"line":87,"column":53}},"53":{"start":{"line":88,"column":4},"end":{"line":88,"column":71}},"54":{"start":{"line":66,"column":13},"end":{"line":66,"column":30}},"55":{"start":{"line":92,"column":29},"end":{"line":112,"column":2}},"56":{"start":{"line":92,"column":67},"end":{"line":112,"column":2}},"57":{"start":{"line":93,"column":2},"end":{"line":111,"column":3}},"58":{"start":{"line":94,"column":15},"end":{"line":94,"column":48}},"59":{"start":{"line":95,"column":41},"end":{"line":95,"column":49}},"60":{"start":{"line":97,"column":28},"end":{"line":100,"column":null}},"61":{"start":{"line":103,"column":4},"end":{"line":105,"column":5}},"62":{"start":{"line":104,"column":6},"end":{"line":104,"column":69}},"63":{"start":{"line":107,"column":4},"end":{"line":107,"column":88}},"64":{"start":{"line":109,"column":4},"end":{"line":109,"column":52}},"65":{"start":{"line":110,"column":4},"end":{"line":110,"column":71}},"66":{"start":{"line":92,"column":13},"end":{"line":92,"column":29}},"67":{"start":{"line":114,"column":30},"end":{"line":128,"column":2}},"68":{"start":{"line":114,"column":68},"end":{"line":128,"column":2}},"69":{"start":{"line":115,"column":2},"end":{"line":127,"column":3}},"70":{"start":{"line":116,"column":15},"end":{"line":116,"column":28}},"71":{"start":{"line":117,"column":20},"end":{"line":117,"column":80}},"72":{"start":{"line":119,"column":4},"end":{"line":121,"column":5}},"73":{"start":{"line":120,"column":6},"end":{"line":120,"column":74}},"74":{"start":{"line":123,"column":4},"end":{"line":123,"column":71}},"75":{"start":{"line":125,"column":4},"end":{"line":125,"column":53}},"76":{"start":{"line":126,"column":4},"end":{"line":126,"column":71}},"77":{"start":{"line":114,"column":13},"end":{"line":114,"column":30}},"78":{"start":{"line":130,"column":33},"end":{"line":138,"column":2}},"79":{"start":{"line":130,"column":71},"end":{"line":138,"column":2}},"80":{"start":{"line":131,"column":2},"end":{"line":137,"column":3}},"81":{"start":{"line":132,"column":19},"end":{"line":132,"column":44}},"82":{"start":{"line":133,"column":4},"end":{"line":133,"column":104}},"83":{"start":{"line":135,"column":4},"end":{"line":135,"column":56}},"84":{"start":{"line":136,"column":4},"end":{"line":136,"column":62}},"85":{"start":{"line":130,"column":13},"end":{"line":130,"column":33}}},"fnMap":{"0":{"name":"(anonymous_8)","decl":{"start":{"line":4,"column":33},"end":{"line":4,"column":40}},"loc":{"start":{"line":4,"column":71},"end":{"line":12,"column":2}}},"1":{"name":"(anonymous_9)","decl":{"start":{"line":4,"column":71},"end":{"line":4,"column":null}},"loc":{"start":{"line":4,"column":71},"end":{"line":12,"column":1}}},"2":{"name":"(anonymous_10)","decl":{"start":{"line":14,"column":31},"end":{"line":14,"column":38}},"loc":{"start":{"line":14,"column":69},"end":{"line":28,"column":2}}},"3":{"name":"(anonymous_11)","decl":{"start":{"line":14,"column":69},"end":{"line":14,"column":null}},"loc":{"start":{"line":14,"column":69},"end":{"line":28,"column":1}}},"4":{"name":"(anonymous_12)","decl":{"start":{"line":30,"column":36},"end":{"line":30,"column":43}},"loc":{"start":{"line":30,"column":74},"end":{"line":44,"column":2}}},"5":{"name":"(anonymous_13)","decl":{"start":{"line":30,"column":74},"end":{"line":30,"column":null}},"loc":{"start":{"line":30,"column":74},"end":{"line":44,"column":1}}},"6":{"name":"(anonymous_14)","decl":{"start":{"line":46,"column":27},"end":{"line":46,"column":34}},"loc":{"start":{"line":46,"column":65},"end":{"line":65,"column":2}}},"7":{"name":"(anonymous_15)","decl":{"start":{"line":46,"column":65},"end":{"line":46,"column":null}},"loc":{"start":{"line":46,"column":65},"end":{"line":65,"column":1}}},"8":{"name":"(anonymous_16)","decl":{"start":{"line":66,"column":30},"end":{"line":66,"column":37}},"loc":{"start":{"line":66,"column":68},"end":{"line":90,"column":2}}},"9":{"name":"(anonymous_17)","decl":{"start":{"line":66,"column":68},"end":{"line":66,"column":null}},"loc":{"start":{"line":66,"column":68},"end":{"line":90,"column":1}}},"10":{"name":"(anonymous_18)","decl":{"start":{"line":92,"column":29},"end":{"line":92,"column":36}},"loc":{"start":{"line":92,"column":67},"end":{"line":112,"column":2}}},"11":{"name":"(anonymous_19)","decl":{"start":{"line":92,"column":67},"end":{"line":92,"column":null}},"loc":{"start":{"line":92,"column":67},"end":{"line":112,"column":1}}},"12":{"name":"(anonymous_20)","decl":{"start":{"line":114,"column":30},"end":{"line":114,"column":37}},"loc":{"start":{"line":114,"column":68},"end":{"line":128,"column":2}}},"13":{"name":"(anonymous_21)","decl":{"start":{"line":114,"column":68},"end":{"line":114,"column":null}},"loc":{"start":{"line":114,"column":68},"end":{"line":128,"column":1}}},"14":{"name":"(anonymous_22)","decl":{"start":{"line":130,"column":33},"end":{"line":130,"column":40}},"loc":{"start":{"line":130,"column":71},"end":{"line":138,"column":2}}},"15":{"name":"(anonymous_23)","decl":{"start":{"line":130,"column":71},"end":{"line":130,"column":null}},"loc":{"start":{"line":130,"column":71},"end":{"line":138,"column":1}}}},"branchMap":{"0":{"loc":{"start":{"line":19,"column":4},"end":{"line":21,"column":5}},"type":"if","locations":[{"start":{"line":19,"column":4},"end":{"line":21,"column":5}},{"start":{},"end":{}}]},"1":{"loc":{"start":{"line":20,"column":90},"end":{"line":20,"column":122}},"type":"cond-expr","locations":[{"start":{"line":20,"column":99},"end":{"line":20,"column":108}},{"start":{"line":20,"column":111},"end":{"line":20,"column":122}}]},"2":{"loc":{"start":{"line":35,"column":4},"end":{"line":37,"column":5}},"type":"if","locations":[{"start":{"line":35,"column":4},"end":{"line":37,"column":5}},{"start":{},"end":{}}]},"3":{"loc":{"start":{"line":50,"column":18},"end":{"line":50,"column":49}},"type":"cond-expr","locations":[{"start":{"line":50,"column":29},"end":{"line":50,"column":45}},{"start":{"line":50,"column":48},"end":{"line":50,"column":49}}]},"4":{"loc":{"start":{"line":81,"column":4},"end":{"line":83,"column":5}},"type":"if","locations":[{"start":{"line":81,"column":4},"end":{"line":83,"column":5}},{"start":{},"end":{}}]},"5":{"loc":{"start":{"line":103,"column":4},"end":{"line":105,"column":5}},"type":"if","locations":[{"start":{"line":103,"column":4},"end":{"line":105,"column":5}},{"start":{},"end":{}}]},"6":{"loc":{"start":{"line":119,"column":4},"end":{"line":121,"column":5}},"type":"if","locations":[{"start":{"line":119,"column":4},"end":{"line":121,"column":5}},{"start":{},"end":{}}]}},"s":{"0":1,"1":1,"2":2,"3":2,"4":2,"5":1,"6":1,"7":1,"8":1,"9":1,"10":3,"11":3,"12":3,"13":3,"14":2,"15":1,"16":1,"17":1,"18":1,"19":1,"20":1,"21":3,"22":3,"23":3,"24":3,"25":2,"26":1,"27":1,"28":1,"29":1,"30":1,"31":1,"32":3,"33":3,"34":3,"35":3,"36":2,"37":2,"38":2,"39":2,"40":1,"41":1,"42":1,"43":1,"44":3,"45":3,"46":3,"47":3,"48":3,"49":2,"50":1,"51":1,"52":1,"53":1,"54":1,"55":1,"56":3,"57":3,"58":3,"59":3,"60":3,"61":2,"62":1,"63":1,"64":1,"65":1,"66":1,"67":1,"68":3,"69":3,"70":3,"71":3,"72":2,"73":1,"74":1,"75":1,"76":1,"77":1,"78":1,"79":2,"80":2,"81":2,"82":1,"83":1,"84":1,"85":1},"f":{"0":2,"1":2,"2":3,"3":3,"4":3,"5":3,"6":3,"7":3,"8":3,"9":3,"10":3,"11":3,"12":3,"13":3,"14":2,"15":2},"b":{"0":[1,1],"1":[1,0],"2":[1,1],"3":[1,1],"4":[1,1],"5":[1,1],"6":[1,1]}}
,"/home/mishrashardendu22/Resume-Projects/Dragon-Ball-Api/dbConnect/dbConnect.ts": {"path":"/home/mishrashardendu22/Resume-Projects/Dragon-Ball-Api/dbConnect/dbConnect.ts","statementMap":{"0":{"start":{"line":1,"column":0},"end":{"line":1,"column":32}},"1":{"start":{"line":2,"column":0},"end":{"line":2,"column":28}},"2":{"start":{"line":4,"column":0},"end":{"line":4,"column":16}},"3":{"start":{"line":6,"column":18},"end":{"line":18,"column":null}},"4":{"start":{"line":6,"column":45},"end":{"line":18,"column":null}},"5":{"start":{"line":7,"column":4},"end":{"line":17,"column":5}},"6":{"start":{"line":8,"column":26},"end":{"line":8,"column":47}},"7":{"start":{"line":9,"column":8},"end":{"line":11,"column":9}},"8":{"start":{"line":10,"column":12},"end":{"line":10,"column":81}},"9":{"start":{"line":12,"column":8},"end":{"line":12,"column":42}},"10":{"start":{"line":13,"column":8},"end":{"line":13,"column":56}},"11":{"start":{"line":15,"column":8},"end":{"line":15,"column":66}},"12":{"start":{"line":16,"column":8},"end":{"line":16,"column":20}},"13":{"start":{"line":20,"column":0},"end":{"line":20,"column":25}}},"fnMap":{"0":{"name":"(anonymous_8)","decl":{"start":{"line":6,"column":18},"end":{"line":6,"column":43}},"loc":{"start":{"line":6,"column":45},"end":{"line":18,"column":null}}},"1":{"name":"(anonymous_9)","decl":{"start":{"line":6,"column":45},"end":{"line":6,"column":null}},"loc":{"start":{"line":6,"column":45},"end":{"line":18,"column":1}}}},"branchMap":{"0":{"loc":{"start":{"line":9,"column":8},"end":{"line":11,"column":9}},"type":"if","locations":[{"start":{"line":9,"column":8},"end":{"line":11,"column":9}},{"start":{},"end":{}}]}},"s":{"0":1,"1":1,"2":1,"3":1,"4":3,"5":3,"6":3,"7":3,"8":1,"9":2,"10":1,"11":2,"12":2,"13":1},"f":{"0":3,"1":3},"b":{"0":[1,2]}}
,"/home/mishrashardendu22/Resume-Projects/Dragon-Ball-Api/middleware/auth.middleware.ts": {"path":"/home/mishrashardendu22/Resume-Projects/Dragon-Ball-Api/middleware/auth.middleware.ts","statementMap":{"0":{"start":{"line":2,"column":0},"end":{"line":2,"column":31}},"1":{"start":{"line":8,"column":27},"end":{"line":24,"column":1}},"2":{"start":{"line":9,"column":21},"end":{"line":9,"column":46}},"3":{"start":{"line":11,"column":2},"end":{"line":13,"column":3}},"4":{"start":{"line":12,"column":4},"end":{"line":12,"column":66}},"5":{"start":{"line":15,"column":16},"end":{"line":15,"column":40}},"6":{"start":{"line":17,"column":2},"end":{"line":23,"column":5}},"7":{"start":{"line":18,"column":4},"end":{"line":20,"column":5}},"8":{"start":{"line":19,"column":6},"end":{"line":19,"column":64}},"9":{"start":{"line":21,"column":4},"end":{"line":21,"column":20}},"10":{"start":{"line":22,"column":4},"end":{"line":22,"column":11}},"11":{"start":{"line":8,"column":13},"end":{"line":8,"column":27}}},"fnMap":{"0":{"name":"(anonymous_1)","decl":{"start":{"line":8,"column":27},"end":{"line":8,"column":28}},"loc":{"start":{"line":8,"column":92},"end":{"line":24,"column":1}}},"1":{"name":"(anonymous_2)","decl":{"start":{"line":17,"column":56},"end":{"line":17,"column":57}},"loc":{"start":{"line":17,"column":70},"end":{"line":23,"column":3}}}},"branchMap":{"0":{"loc":{"start":{"line":11,"column":2},"end":{"line":13,"column":3}},"type":"if","locations":[{"start":{"line":11,"column":2},"end":{"line":13,"column":3}},{"start":{},"end":{}}]},"1":{"loc":{"start":{"line":17,"column":20},"end":{"line":17,"column":54}},"type":"binary-expr","locations":[{"start":{"line":17,"column":20},"end":{"line":17,"column":42}},{"start":{"line":17,"column":46},"end":{"line":17,"column":54}}]},"2":{"loc":{"start":{"line":18,"column":4},"end":{"line":20,"column":5}},"type":"if","locations":[{"start":{"line":18,"column":4},"end":{"line":20,"column":5}},{"start":{},"end":{}}]}},"s":{"0":1,"1":1,"2":3,"3":3,"4":1,"5":2,"6":2,"7":2,"8":1,"9":1,"10":1,"11":1},"f":{"0":3,"1":2},"b":{"0":[1,2],"1":[2,2],"2":[1,1]}}
}
