TN:
SF:controller/auth.controller.ts
FN:4,(anonymous_1)
FNF:1
FNH:1
FNDA:2,(anonymous_1)
DA:2,1
DA:4,1
DA:5,2
DA:7,2
DA:8,0
DA:11,2
DA:12,1
DA:13,1
DA:16,1
LF:9
LH:8
BRDA:7,0,0,0
BRDA:7,0,1,2
BRDA:7,1,0,2
BRDA:7,1,1,2
BRDA:11,2,0,1
BRDA:11,2,1,1
BRDA:11,3,0,2
BRDA:11,3,1,1
BRF:8
BRH:7
end_of_record
TN:
SF:controller/qns.controller.ts
FN:4,(anonymous_8)
FN:4,(anonymous_9)
FN:14,(anonymous_10)
FN:14,(anonymous_11)
FN:30,(anonymous_12)
FN:30,(anonymous_13)
FN:46,(anonymous_14)
FN:46,(anonymous_15)
FN:66,(anonymous_16)
FN:66,(anonymous_17)
FN:92,(anonymous_18)
FN:92,(anonymous_19)
FN:114,(anonymous_20)
FN:114,(anonymous_21)
FN:130,(anonymous_22)
FN:130,(anonymous_23)
FNF:16
FNH:16
FNDA:2,(anonymous_8)
FNDA:2,(anonymous_9)
FNDA:3,(anonymous_10)
FNDA:3,(anonymous_11)
FNDA:3,(anonymous_12)
FNDA:3,(anonymous_13)
FNDA:3,(anonymous_14)
FNDA:3,(anonymous_15)
FNDA:3,(anonymous_16)
FNDA:3,(anonymous_17)
FNDA:3,(anonymous_18)
FNDA:3,(anonymous_19)
FNDA:3,(anonymous_20)
FNDA:3,(anonymous_21)
FNDA:2,(anonymous_22)
FNDA:2,(anonymous_23)
DA:2,1
DA:4,2
DA:5,2
DA:6,2
DA:7,1
DA:9,1
DA:10,1
DA:14,3
DA:15,3
DA:16,3
DA:17,3
DA:19,2
DA:20,1
DA:23,1
DA:25,1
DA:26,1
DA:30,3
DA:31,3
DA:32,3
DA:33,3
DA:35,2
DA:36,1
DA:39,1
DA:41,1
DA:42,1
DA:46,3
DA:47,3
DA:48,3
DA:49,3
DA:50,2
DA:52,2
DA:59,2
DA:60,2
DA:62,1
DA:63,1
DA:66,3
DA:67,3
DA:68,3
DA:69,3
DA:71,3
DA:81,2
DA:82,1
DA:85,1
DA:87,1
DA:88,1
DA:92,3
DA:93,3
DA:94,3
DA:95,3
DA:97,3
DA:103,2
DA:104,1
DA:107,1
DA:109,1
DA:110,1
DA:114,3
DA:115,3
DA:116,3
DA:117,3
DA:119,2
DA:120,1
DA:123,1
DA:125,1
DA:126,1
DA:130,2
DA:131,2
DA:132,2
DA:133,1
DA:135,1
DA:136,1
LF:70
LH:70
BRDA:19,0,0,1
BRDA:19,0,1,1
BRDA:20,1,0,1
BRDA:20,1,1,0
BRDA:35,2,0,1
BRDA:35,2,1,1
BRDA:50,3,0,1
BRDA:50,3,1,1
BRDA:81,4,0,1
BRDA:81,4,1,1
BRDA:103,5,0,1
BRDA:103,5,1,1
BRDA:119,6,0,1
BRDA:119,6,1,1
BRF:14
BRH:13
end_of_record
TN:
SF:dbConnect/dbConnect.ts
FN:6,(anonymous_8)
FN:6,(anonymous_9)
FNF:2
FNH:2
FNDA:3,(anonymous_8)
FNDA:3,(anonymous_9)
DA:1,1
DA:2,1
DA:4,1
DA:6,3
DA:7,3
DA:8,3
DA:9,3
DA:10,1
DA:12,2
DA:13,1
DA:15,2
DA:16,2
DA:20,1
LF:13
LH:13
BRDA:9,0,0,1
BRDA:9,0,1,2
BRF:2
BRH:2
end_of_record
TN:
SF:middleware/auth.middleware.ts
FN:8,(anonymous_1)
FN:17,(anonymous_2)
FNF:2
FNH:2
FNDA:3,(anonymous_1)
FNDA:2,(anonymous_2)
DA:2,1
DA:8,1
DA:9,3
DA:11,3
DA:12,1
DA:15,2
DA:17,2
DA:18,2
DA:19,1
DA:21,1
DA:22,1
LF:11
LH:11
BRDA:11,0,0,1
BRDA:11,0,1,2
BRDA:17,1,0,2
BRDA:17,1,1,2
BRDA:18,2,0,1
BRDA:18,2,1,1
BRF:6
BRH:6
end_of_record
