TN:
SF:app.ts
FN:31,(anonymous_1)
FNF:1
FNH:0
FNDA:0,(anonymous_1)
DA:1,1
DA:2,1
DA:3,1
DA:4,1
DA:5,1
DA:6,1
DA:8,1
DA:10,1
DA:19,1
DA:20,1
DA:22,1
DA:31,1
DA:32,0
DA:37,1
DA:38,1
DA:40,1
LF:16
LH:15
BRF:0
BRH:0
end_of_record
TN:
SF:Model/pattern.model.ts
FNF:0
FNH:0
DA:1,1
DA:10,1
DA:34,1
DA:35,1
LF:4
LH:4
BRF:0
BRH:0
end_of_record
TN:
SF:controller/auth.controller.ts
FN:4,(anonymous_1)
FNF:1
FNH:1
FNDA:2,(anonymous_1)
DA:2,2
DA:4,2
DA:5,2
DA:7,2
DA:8,0
DA:11,2
DA:12,1
DA:13,1
DA:16,1
LF:9
LH:8
BRDA:7,0,0,0
BRDA:7,0,1,2
BRDA:7,1,0,2
BRDA:7,1,1,2
BRDA:11,2,0,1
BRDA:11,2,1,1
BRDA:11,3,0,2
BRDA:11,3,1,1
BRF:8
BRH:7
end_of_record
TN:
SF:controller/qns.controller.ts
FN:4,(anonymous_8)
FN:4,(anonymous_9)
FN:14,(anonymous_10)
FN:14,(anonymous_11)
FN:30,(anonymous_12)
FN:30,(anonymous_13)
FN:46,(anonymous_14)
FN:46,(anonymous_15)
FN:67,(anonymous_16)
FN:67,(anonymous_17)
FN:89,(anonymous_18)
FN:89,(anonymous_19)
FN:111,(anonymous_20)
FN:111,(anonymous_21)
FN:127,(anonymous_22)
FN:127,(anonymous_23)
FNF:16
FNH:8
FNDA:1,(anonymous_8)
FNDA:1,(anonymous_9)
FNDA:1,(anonymous_10)
FNDA:1,(anonymous_11)
FNDA:1,(anonymous_12)
FNDA:1,(anonymous_13)
FNDA:1,(anonymous_14)
FNDA:1,(anonymous_15)
FNDA:0,(anonymous_16)
FNDA:0,(anonymous_17)
FNDA:0,(anonymous_18)
FNDA:0,(anonymous_19)
FNDA:0,(anonymous_20)
FNDA:0,(anonymous_21)
FNDA:0,(anonymous_22)
FNDA:0,(anonymous_23)
DA:2,1
DA:4,1
DA:5,1
DA:6,1
DA:7,1
DA:9,0
DA:10,0
DA:14,1
DA:15,1
DA:16,1
DA:17,1
DA:19,1
DA:20,1
DA:23,0
DA:25,0
DA:26,0
DA:30,1
DA:31,1
DA:32,1
DA:33,1
DA:35,1
DA:36,0
DA:39,1
DA:41,0
DA:42,0
DA:46,1
DA:47,1
DA:48,1
DA:49,1
DA:50,1
DA:52,1
DA:59,1
DA:60,1
DA:62,0
DA:63,0
DA:67,1
DA:68,0
DA:69,0
DA:70,0
DA:72,0
DA:78,0
DA:79,0
DA:82,0
DA:84,0
DA:85,0
DA:89,1
DA:90,0
DA:91,0
DA:92,0
DA:94,0
DA:100,0
DA:101,0
DA:104,0
DA:106,0
DA:107,0
DA:111,1
DA:112,0
DA:113,0
DA:114,0
DA:116,0
DA:117,0
DA:120,0
DA:122,0
DA:123,0
DA:127,1
DA:128,0
DA:129,0
DA:130,0
DA:132,0
DA:133,0
LF:70
LH:29
BRDA:19,0,0,1
BRDA:19,0,1,0
BRDA:20,1,0,1
BRDA:20,1,1,0
BRDA:35,2,0,0
BRDA:35,2,1,1
BRDA:50,3,0,1
BRDA:50,3,1,0
BRDA:78,4,0,0
BRDA:78,4,1,0
BRDA:100,5,0,0
BRDA:100,5,1,0
BRDA:116,6,0,0
BRDA:116,6,1,0
BRF:14
BRH:4
end_of_record
TN:
SF:dbConnect/dbConnect.ts
FN:6,(anonymous_8)
FN:6,(anonymous_9)
FNF:2
FNH:2
FNDA:4,(anonymous_8)
FNDA:4,(anonymous_9)
DA:1,2
DA:2,2
DA:4,2
DA:6,4
DA:7,4
DA:8,4
DA:9,4
DA:10,1
DA:12,3
DA:13,2
DA:15,2
DA:16,2
DA:20,2
LF:13
LH:13
BRDA:9,0,0,1
BRDA:9,0,1,3
BRF:2
BRH:2
end_of_record
TN:
SF:middleware/auth.middleware.ts
FN:8,(anonymous_1)
FN:17,(anonymous_2)
FNF:2
FNH:2
FNDA:3,(anonymous_1)
FNDA:2,(anonymous_2)
DA:2,2
DA:8,2
DA:9,3
DA:11,3
DA:12,1
DA:15,2
DA:17,2
DA:18,2
DA:19,1
DA:21,1
DA:22,1
LF:11
LH:11
BRDA:11,0,0,1
BRDA:11,0,1,2
BRDA:17,1,0,2
BRDA:17,1,1,2
BRDA:18,2,0,1
BRDA:18,2,1,1
BRF:6
BRH:6
end_of_record
TN:
SF:route/auth.route.ts
FNF:0
FNH:0
DA:1,1
DA:2,1
DA:4,1
DA:6,1
DA:8,1
LF:5
LH:5
BRF:0
BRH:0
end_of_record
TN:
SF:route/qns.route.ts
FNF:0
FNH:0
DA:1,1
DA:2,1
DA:12,1
DA:14,1
DA:16,1
DA:17,1
DA:18,1
DA:19,1
DA:20,1
DA:21,1
DA:22,1
DA:23,1
DA:25,1
LF:13
LH:13
BRF:0
BRH:0
end_of_record
